SF:lib/repositories/quote_api_client.dart
DA:12,1
DA:14,1
DA:16,1
DA:17,2
DA:18,3
DA:20,2
DA:21,1
DA:24,2
DA:25,1
LF:9
LH:9
end_of_record
SF:lib/repositories/quote_repository.dart
DA:11,1
DA:12,1
DA:14,0
DA:15,0
LF:4
LH:2
end_of_record
SF:lib/bloc/quote_event.dart
DA:4,2
DA:8,2
DA:10,1
DA:11,1
LF:4
LH:4
end_of_record
SF:lib/bloc/quote_state.dart
DA:7,1
DA:9,1
DA:10,1
DA:20,1
DA:22,1
DA:23,2
LF:6
LH:6
end_of_record
SF:lib/bloc/quote_bloc.dart
DA:11,2
DA:13,1
DA:14,1
DA:17,1
DA:18,1
DA:19,2
DA:21,3
DA:22,2
DA:24,2
LF:9
LH:9
end_of_record
SF:lib/models/quote.dart
DA:8,2
DA:10,1
DA:11,4
DA:13,1
DA:14,1
DA:15,1
DA:16,1
DA:17,1
DA:21,1
DA:22,2
LF:10
LH:10
end_of_record
